Log file open, 07/29/17 21:50:55
LogInit:Display: Running engine for game: RTSTemplate
LogPlatformFile: Not using cached read wrapper
LogInit:Display: RandInit(-1944726171) SRandInit(-1944726171).
LogTaskGraph: Started task graph with 5 named threads and 8 total threads with 1 sets of task threads.
LogStats: Stats thread started at 0.114193
LogInit: Using libcurl 7.47.1
LogInit:  - built for x86_64-pc-win32
LogInit:  - supports SSL with OpenSSL/1.0.2g
LogInit:  - supports HTTP deflate (compression) using libz 1.2.8
LogInit:  - other features:
LogInit:      CURL_VERSION_SSL
LogInit:      CURL_VERSION_LIBZ
LogInit:      CURL_VERSION_IPV6
LogInit:      CURL_VERSION_ASYNCHDNS
LogInit:      CURL_VERSION_LARGEFILE
LogInit:      CURL_VERSION_IDN
LogInit:  CurlRequestOptions (configurable via config and command line):
LogInit:  - bVerifyPeer = false  - Libcurl will NOT verify peer certificate
LogInit:  - bUseHttpProxy = false  - Libcurl will NOT use HTTP proxy
LogInit:  - bDontReuseConnections = false  - Libcurl will reuse connections
LogInit:  - CertBundlePath = nullptr  - Libcurl will use whatever was configured at build time.
LogInit: Build: ++UE4+Release-4.16-CL-3514769
LogInit: Engine Version: 4.16.2-3514769+++UE4+Release-4.16
LogInit: Compatible Engine Version: 4.16.0-3452394+++UE4+Release-4.16
LogInit: Net CL: 3452394
LogDevObjectVersion: Number of dev versions registered: 16
LogDevObjectVersion:   Dev-Blueprints (B0D832E4-1F89-4F0D-ACCF-7EB736FD4AA2): 9
LogDevObjectVersion:   Dev-Build (E1C64328-A22C-4D53-A36C-8E866417BD8C): 0
LogDevObjectVersion:   Dev-Core (375EC13C-06E4-48FB-B500-84F0262A717E): 2
LogDevObjectVersion:   Dev-Editor (E4B068ED-F494-42E9-A231-DA0B2E46BB41): 17
LogDevObjectVersion:   Dev-Framework (CFFC743F-43B0-4480-9391-14DF171D2073): 23
LogDevObjectVersion:   Dev-Mobile (B02B49B5-BB20-44E9-A304-32B752E40360): 0
LogDevObjectVersion:   Dev-Networking (A4E4105C-59A1-49B5-A7C5-40C4547EDFEE): 0
LogDevObjectVersion:   Dev-Online (39C831C9-5AE6-47DC-9A44-9C173E1C8E7C): 0
LogDevObjectVersion:   Dev-Physics (78F01B33-EBEA-4F98-B9B4-84EACCB95AA2): 0
LogDevObjectVersion:   Dev-Platform (6631380F-2D4D-43E0-8009-CF276956A95A): 0
LogDevObjectVersion:   Dev-Rendering (12F88B9F-8875-4AFC-A67C-D90C383ABD29): 15
LogDevObjectVersion:   Dev-Sequencer (7B5AE74C-D270-4C10-A958-57980B212A5A): 4
LogDevObjectVersion:   Dev-VR (D7296918-1DD6-4BDD-9DE2-64A83CC13884): 0
LogDevObjectVersion:   Dev-LoadTimes (C2A15278-BFE7-4AFE-6C17-90FF531DF755): 1
LogDevObjectVersion:   Private-Geometry (6EACA3D4-40EC-4CC1-B786-8BED09428FC5): 1
LogDevObjectVersion:   Dev-AnimPhys (29E575DD-E0A3-4627-9D10-D276232CDCEA): 3
LogInit: Compiled (64-bit): Jun 29 2017 02:03:24
LogInit: Compiled with Visual C++: 19.00.24215.01
LogInit: Build Configuration: Development
LogInit: Branch Name: ++UE4+Release-4.16
LogInit: Command line:  /Temp/Autosaves/Game/RTS_Builder_Template/Maps/UEDPCOverview -game -PIEVIACONSOLE -ResX=1280 -ResY=720  -Multiprocess -messaging -SessionName="Play in Standalone Game" -windowed 
LogInit: Base directory: C:/Epic Games/UE_4.16/Engine/Binaries/Win64/
LogInit: Installed Engine Build: 1
LogInit: Presizing for max 8388607 objects, including 0 objects not considered by GC, pre-allocating 0 bytes for permanent pool.
LogInit: Object subsystem initialized
[2017.07.30-04.50.56:923][  0]LogInit: Selected Device Profile: [Windows]
[2017.07.30-04.50.56:923][  0]LogInit: Applying CVar settings loaded from the selected device profile: [Windows]
[2017.07.30-04.50.56:929][  0]LogInit: Computer: DESKTOP-IVH14KQ
[2017.07.30-04.50.56:929][  0]LogInit: User: 3L1ZARD5
[2017.07.30-04.50.56:929][  0]LogInit: CPU Page size=4096, Cores=4
[2017.07.30-04.50.56:929][  0]LogInit: High frequency timer resolution =4.232870 MHz
[2017.07.30-04.50.56:929][  0]LogMemory: Memory total: Physical=15.9GB (16GB approx)
[2017.07.30-04.50.56:929][  0]LogMemory: Platform Memory Stats for Windows
[2017.07.30-04.50.56:929][  0]LogMemory: Process Physical Memory: 273.70 MB used, 273.70 MB peak
[2017.07.30-04.50.56:929][  0]LogMemory: Process Virtual Memory: 261.93 MB used, 261.93 MB peak
[2017.07.30-04.50.56:929][  0]LogMemory: Physical Memory: 6064.13 MB used,  10219.63 MB free, 16283.76 MB total
[2017.07.30-04.50.56:929][  0]LogMemory: Virtual Memory: 637.12 MB used,  10219.63 MB free, 134217728.00 MB total
[2017.07.30-04.50.57:450][  0]LogInit: Using OS detected language (en-US).
[2017.07.30-04.50.57:450][  0]LogInit: Using OS detected locale (en-US).
[2017.07.30-04.50.57:455][  0]LogTextLocalizationManager: No specific localization for 'en-US' exists, so the 'en' localization will be used.
[2017.07.30-04.50.58:389][  0]LogD3D11RHI: D3D11 adapters:
[2017.07.30-04.50.58:970][  0]LogD3D11RHI:    0. 'NVIDIA GeForce GTX 1080' (Feature Level 11_0)
[2017.07.30-04.50.58:970][  0]LogD3D11RHI:       8076/0/8141 MB DedicatedVideo/DedicatedSystem/SharedSystem, Outputs:1, VendorId:0x10de
[2017.07.30-04.50.58:972][  0]LogD3D11RHI:    1. 'Microsoft Basic Render Driver' (Feature Level 11_0)
[2017.07.30-04.50.58:972][  0]LogD3D11RHI:       0/0/8141 MB DedicatedVideo/DedicatedSystem/SharedSystem, Outputs:0, VendorId:0x1414
[2017.07.30-04.50.58:972][  0]LogD3D11RHI: Chosen D3D11 Adapter: 0
[2017.07.30-04.50.58:983][  0]LogD3D11RHI: Creating new Direct3DDevice
[2017.07.30-04.50.58:983][  0]LogD3D11RHI:     GPU DeviceId: 0x1b80 (for the marketing name, search the web for "GPU Device Id")
[2017.07.30-04.50.58:983][  0]LogWindows: EnumDisplayDevices:
[2017.07.30-04.50.58:983][  0]LogWindows:    0. 'NVIDIA GeForce GTX 1080' (P:1 D:1)
[2017.07.30-04.50.58:983][  0]LogWindows:    1. 'NVIDIA GeForce GTX 1080' (P:0 D:0)
[2017.07.30-04.50.58:984][  0]LogWindows:    2. 'NVIDIA GeForce GTX 1080' (P:0 D:0)
[2017.07.30-04.50.58:984][  0]LogWindows:    3. 'NVIDIA GeForce GTX 1080' (P:0 D:0)
[2017.07.30-04.50.58:984][  0]LogWindows: DebugString: FoundDriverCount:4 
[2017.07.30-04.50.58:984][  0]LogD3D11RHI:     Adapter Name: NVIDIA GeForce GTX 1080
[2017.07.30-04.50.58:984][  0]LogD3D11RHI:   Driver Version: 384.94 (internal:22.21.13.8494, unified:384.94)
[2017.07.30-04.50.58:984][  0]LogD3D11RHI:      Driver Date: 7-18-2017
[2017.07.30-04.50.58:984][  0]LogRHI: Texture pool is 1361 MB (70% of 1945 MB)
[2017.07.30-04.50.59:537][  0]LogD3D11RHI: Async texture creation enabled
[2017.07.30-04.50.59:594][  0]LogD3D11RHI: GPU Timing Frequency: 1000.000000 (Debug: 2 2)
[2017.07.30-04.50.59:637][  0]LogShaderCompilers: Guid format shader working directory is -19 characters bigger than the processId version (../../../../../Users/3L1ZARD5/Documents/Unreal Projects/RTSTemplate/Intermediate/Shaders/WorkingDirectory/11788/).
[2017.07.30-04.50.59:638][  0]LogShaderCompilers: Cleaned the shader compiler working directory 'C:/Users/3L1ZARD5/AppData/Local/Temp/UnrealShaderWorkingDir/61C02FC546090A00AFFFFCAB524D472E/'.
[2017.07.30-04.50.59:638][  0]LogShaderCompilers:Display: Using Local Shader Compiler.
[2017.07.30-04.51.01:386][  0]LogTemp:Display: Loaded TP WindowsClientTargetPlatform
[2017.07.30-04.51.01:481][  0]LogTemp:Display: Loaded TP WindowsNoEditorTargetPlatform
[2017.07.30-04.51.01:578][  0]LogTemp:Display: Loaded TP WindowsServerTargetPlatform
[2017.07.30-04.51.01:665][  0]LogTemp:Display: Loaded TP WindowsTargetPlatform
[2017.07.30-04.51.01:665][  0]LogTargetPlatformManager:Display: Building Assets For Windows
[2017.07.30-04.51.02:586][  0]LogDerivedDataCache:Display: Max Cache Size: 512 MB
